<?xml version="1.0" encoding="UTF-8"?>
<!-- Generated by org.testng.reporters.JUnitXMLReporter -->
<testsuite ignored="0" hostname="Shafkats-MBP" failures="0" tests="3" name="SmokeTest3" time="0.01" errors="0" timestamp="2024-06-03T21:08:53 EDT">
  <testcase classname="LearningTestNG.testing_Annotations" name="Test1" time="0.001"/>
  <testcase classname="LearningTestNG.testing_Annotations" name="Test2" time="0.001"/>
  <testcase classname="LearningTestNG.testing_Annotations" name="Test3" time="0.001"/>
</testsuite> <!-- SmokeTest3 -->
