<?xml version="1.0" encoding="UTF-8"?>
<!-- Generated by org.testng.reporters.JUnitXMLReporter -->
<testsuite ignored="0" hostname="Shafkats-MBP" failures="0" tests="3" name="SmokeTest1" time="0.036" errors="0" timestamp="2024-06-03T21:08:53 EDT">
  <testcase classname="LearningTestNG.DependencyTestUsingAnnotation" name="initialEnvironment" time="0.005"/>
  <testcase classname="LearningTestNG.DependencyTestUsingAnnotation" name="testSaluteCohort18" time="0.001"/>
  <testcase classname="LearningTestNG.DependencyTestUsingAnnotation" name="testPrintMessage" time="0.002"/>
</testsuite> <!-- SmokeTest1 -->
