<?xml version="1.0" encoding="UTF-8"?>
<!-- Generated by org.testng.reporters.JUnitXMLReporter -->
<testsuite ignored="4" hostname="Shafkats-MBP" failures="0" tests="2" name="SmokeTest" time="0.034" errors="0" timestamp="2024-06-03T21:34:09 EDT">
  <testcase classname="LearningTestNG.GroupTestCases" name="testPrintMessage" time="0.007"/>
  <testcase classname="LearningTestNG.GroupTestCases" name="testingExitMessage" time="0.001"/>
  <testcase classname="LearningTestNG.testing_Annotations" name="Test3" time="0.0">
    <ignored/>
  </testcase> <!-- Test3 -->
  <testcase classname="LearningTestNG.GroupTestCases" name="saluteCohort18Message" time="0.0">
    <ignored/>
  </testcase> <!-- saluteCohort18Message -->
  <testcase classname="LearningTestNG.testing_Annotations" name="Test2" time="0.0">
    <ignored/>
  </testcase> <!-- Test2 -->
  <testcase classname="LearningTestNG.testing_Annotations" name="Test1" time="0.0">
    <ignored/>
  </testcase> <!-- Test1 -->
</testsuite> <!-- SmokeTest -->
