<?xml version="1.0" encoding="UTF-8"?>
<!-- Generated by org.testng.reporters.JUnitXMLReporter -->
<testsuite ignored="0" hostname="Shafkats-MBP" failures="0" tests="10" name="Default test" time="0.096" errors="0" timestamp="2024-06-04T19:51:43 EDT">
  <testcase classname="LearningTestNG.dataProviderTesting" name="FirstNames" time="0.008"/>
  <testcase classname="LearningTestNG.dataProviderTesting" name="FirstNames" time="0.006"/>
  <testcase classname="LearningTestNG.dataProviderTesting" name="FirstNames" time="0.002"/>
  <testcase classname="LearningTestNG.dataProviderTesting" name="FirstNames" time="0.002"/>
  <testcase classname="LearningTestNG.dataProviderTesting" name="FirstNames" time="0.002"/>
  <testcase classname="LearningTestNG.dataProviderTesting" name="myBio" time="0.023"/>
  <testcase classname="LearningTestNG.dataProviderTesting" name="myBio" time="0.002"/>
  <testcase classname="LearningTestNG.dataProviderTesting" name="myBio" time="0.001"/>
  <testcase classname="LearningTestNG.dataProviderTesting" name="myBio" time="0.003"/>
  <testcase classname="LearningTestNG.dataProviderTesting" name="myBio" time="0.001"/>
</testsuite> <!-- Default test -->
