<?xml version="1.0" encoding="UTF-8"?>
<!-- Generated by org.testng.reporters.JUnitXMLReporter -->
<testsuite ignored="2" hostname="TechCirle2sMini" failures="0" tests="1" name="Default test" time="14.324" errors="0" timestamp="2024-06-10T20:28:55 EDT">
  <testcase classname="FiftyOneTestCases.homePageTestCases" name="homePageImagesInArrivalsShouldNavigate" time="6.597"/>
  <testcase classname="FiftyOneTestCases.homePageTestCases" name="homePageWithThreeArrivalsOnly" time="0.0">
    <ignored/>
  </testcase> <!-- homePageWithThreeArrivalsOnly -->
  <testcase classname="FiftyOneTestCases.homePageTestCases" name="homePageWithThreeSlidersOnly" time="0.0">
    <ignored/>
  </testcase> <!-- homePageWithThreeSlidersOnly -->
</testsuite> <!-- Default test -->
