<?xml version="1.0" encoding="UTF-8"?>
<!-- Generated by org.testng.reporters.JUnitXMLReporter -->
<testsuite ignored="0" hostname="TechCirle2sMini" failures="0" tests="8" name="Test" time="74.933" errors="0" timestamp="2024-06-10T21:45:11 EDT">
  <testcase classname="FiftyOneTestCases.shopTestCases" name="ShopFilterByPriceFunctionality" time="0.018"/>
  <testcase classname="FiftyOneTestCases.myAccountRegistrationTestCases" name="RegistrationSignIn" time="0.023"/>
  <testcase classname="FiftyOneTestCases.myAccountTestCases" name="MyAccountsDashboard" time="4.448"/>
  <testcase classname="FiftyOneTestCases.homePageTestCases" name="homePageImagesInArrivalsShouldNavigate" time="5.965"/>
  <testcase classname="FiftyOneTestCases.homePageTestCases" name="homePageWithThreeArrivalsOnly" time="2.904"/>
  <testcase classname="FiftyOneTestCases.homePageTestCases" name="homePageWithThreeSlidersOnly" time="2.77"/>
  <testcase classname="FiftyOneTestCases.myAccountLoginTestCases" name="LogInWithWalidUsernameAndPassword" time="3.494"/>
  <testcase classname="FiftyOneTestCases.myAccountLoginTestCases" name="logInWithIncorrectUsernameIncorrectPassword" time="3.84"/>
</testsuite> <!-- Test -->
