<?xml version="1.0" encoding="UTF-8"?>
<!-- Generated by org.testng.reporters.JUnitXMLReporter -->
<testsuite ignored="0" hostname="TechCirle2sMini" failures="1" tests="8" name="Test" time="79.223" errors="0" timestamp="2024-06-11T21:34:09 EDT">
  <testcase classname="FiftyOneTestCases.shopTestCases" name="ShopFilterByPriceFunctionality" time="0.901"/>
  <testcase classname="FiftyOneTestCases.myAccountRegistrationTestCases" name="RegistrationSignIn" time="0.025">
    <failure type="java.lang.AssertionError" message="expected [true] but found [false]">
      <![CDATA[java.lang.AssertionError: expected [true] but found [false]
at FiftyOneTestCases.myAccountRegistrationTestCases.RegistrationSignIn(myAccountRegistrationTestCases.java:19)
at java.base/java.util.ArrayList.forEach(ArrayList.java:1541)
... Removed 31 stack frames]]>
    </failure>
  </testcase> <!-- RegistrationSignIn -->
  <testcase classname="FiftyOneTestCases.myAccountTestCases" name="MyAccountsDashboard" time="4.625"/>
  <testcase classname="FiftyOneTestCases.homePageTestCases" name="homePageImagesInArrivalsShouldNavigate" time="6.205"/>
  <testcase classname="FiftyOneTestCases.homePageTestCases" name="homePageWithThreeArrivalsOnly" time="2.737"/>
  <testcase classname="FiftyOneTestCases.homePageTestCases" name="homePageWithThreeSlidersOnly" time="3.082"/>
  <testcase classname="FiftyOneTestCases.myAccountLoginTestCases" name="LogInWithWalidUsernameAndPassword" time="3.528"/>
  <testcase classname="FiftyOneTestCases.myAccountLoginTestCases" name="logInWithIncorrectUsernameIncorrectPassword" time="3.384"/>
</testsuite> <!-- Test -->
