<?xml version="1.0" encoding="UTF-8"?>
<testng-results ignored="0" total="1" passed="1" failed="0" skipped="0">
  <reporter-output>
  </reporter-output>
  <suite started-at="2024-06-06T22:10:10 EDT" name="Default suite" finished-at="2024-06-06T22:10:18 EDT" duration-ms="8117">
    <groups>
    </groups>
    <test started-at="2024-06-06T22:10:10 EDT" name="Default test" finished-at="2024-06-06T22:10:18 EDT" duration-ms="8117">
      <class name="TestCases.TestCasesForProject">
        <test-method is-config="true" signature="getDriver()[pri:0, instance:TestCases.TestCasesForProject@6c130c45]" started-at="2024-06-06T22:10:10 EDT" name="getDriver" finished-at="2024-06-06T22:10:16 EDT" duration-ms="5531" status="PASS">
          <reporter-output>
          </reporter-output>
        </test-method> <!-- getDriver -->
        <test-method signature="verifyUserIsActive()[pri:0, instance:TestCases.TestCasesForProject@6c130c45]" started-at="2024-06-06T22:10:16 EDT" name="verifyUserIsActive" finished-at="2024-06-06T22:10:18 EDT" duration-ms="2507" status="PASS">
          <reporter-output>
          </reporter-output>
        </test-method> <!-- verifyUserIsActive -->
      </class> <!-- TestCases.TestCasesForProject -->
    </test> <!-- Default test -->
  </suite> <!-- Default suite -->
</testng-results>
